#
# There is insufficient memory for the Java Runtime Environment to continue.
# Native memory allocation (malloc) failed to allocate 457136 bytes for Chunk::new
# Possible reasons:
#   The system is out of physical RAM or swap space
#   The process is running with CompressedOops enabled, and the Java Heap may be blocking the growth of the native heap
# Possible solutions:
#   Reduce memory load on the system
#   Increase physical memory or swap space
#   Check if swap backing store is full
#   Decrease Java heap size (-Xmx/-Xms)
#   Decrease number of Java threads
#   Decrease Java thread stack sizes (-Xss)
#   Set larger code cache with -XX:ReservedCodeCacheSize=
#   JVM is running with Unscaled Compressed Oops mode in which the Java heap is
#     placed in the first 4GB address space. The Java Heap base address is the
#     maximum limit for the native heap growth. Please use -XX:HeapBaseMinAddress
#     to set the Java Heap base and to place the Java Heap above 4GB virtual address.
# This output file may be truncated or incomplete.
#
#  Out of Memory Error (t:/workspace/open/src/hotspot/share/memory/arena.cpp:197), pid=3484, tid=7488
#
# JRE version: Java(TM) SE Runtime Environment (12.0+33) (build 12+33)
# Java VM: Java HotSpot(TM) 64-Bit Server VM (12+33, mixed mode, sharing, tiered, compressed oops, g1 gc, windows-amd64)
# No core dump will be written. Minidumps are not enabled by default on client versions of Windows
#

---------------  S U M M A R Y ------------

Command Line: com.mycompany.mobiletopc.filetransfer.MobileTOPC_Frame_1

Host: Intel(R) Core(TM) i5-8300H CPU @ 2.30GHz, 8 cores, 7G,  Windows 10 , 64 bit Build 19041 (10.0.19041.928)
Time: Sat May 15 14:30:59 2021 India Standard Time elapsed time: 61 seconds (0d 0h 1m 1s)

---------------  T H R E A D  ---------------

Current thread (0x00000174a590b000):  JavaThread "C2 CompilerThread0" daemon [_thread_in_native, id=7488, stack(0x00000059c7500000,0x00000059c7600000)]


Current CompileTask:
C2:  61550 1496       4       sun.java2d.marlin.DRenderer::_endRendering (2480 bytes)

Stack: [0x00000059c7500000,0x00000059c7600000]
Native frames: (J=compiled Java code, j=interpreted, Vv=VM code, C=native code)
V  [jvm.dll+0x63948a]
V  [jvm.dll+0x78b31f]
V  [jvm.dll+0x78c9c1]
V  [jvm.dll+0x78d013]
V  [jvm.dll+0x262138]
V  [jvm.dll+0xc582c]
V  [jvm.dll+0xc5dac]
V  [jvm.dll+0x3796a7]
V  [jvm.dll+0x345493]
V  [jvm.dll+0x34485a]
V  [jvm.dll+0x21c035]
V  [jvm.dll+0x21b20a]
V  [jvm.dll+0x199890]
V  [jvm.dll+0x22a534]
V  [jvm.dll+0x228b88]
V  [jvm.dll+0x74f660]
V  [jvm.dll+0x748648]
V  [jvm.dll+0x638566]
C  [ucrtbase.dll+0x21bb2]
C  [KERNEL32.DLL+0x17034]
C  [ntdll.dll+0x52651]


---------------  P R O C E S S  ---------------

Threads class SMR info:
_java_thread_list=0x00000174a7f42280, length=15, elements={
0x00000174a58e9000, 0x00000174a58eb000, 0x00000174a5904800, 0x00000174a5907800,
0x00000174a590b000, 0x00000174a5913800, 0x00000174a594a000, 0x00000174a637c000,
0x00000174a6397000, 0x00000174a65a5800, 0x00000174a65a6800, 0x00000174a65cc000,
0x00000174a78f8000, 0x0000017486cbc800, 0x00000174aea30000
}

Java Threads: ( => current thread )
  0x00000174a58e9000 JavaThread "Reference Handler" daemon [_thread_blocked, id=8196, stack(0x00000059c7100000,0x00000059c7200000)]
  0x00000174a58eb000 JavaThread "Finalizer" daemon [_thread_blocked, id=11660, stack(0x00000059c7200000,0x00000059c7300000)]
  0x00000174a5904800 JavaThread "Signal Dispatcher" daemon [_thread_blocked, id=14532, stack(0x00000059c7300000,0x00000059c7400000)]
  0x00000174a5907800 JavaThread "Attach Listener" daemon [_thread_blocked, id=14872, stack(0x00000059c7400000,0x00000059c7500000)]
=>0x00000174a590b000 JavaThread "C2 CompilerThread0" daemon [_thread_in_native, id=7488, stack(0x00000059c7500000,0x00000059c7600000)]
  0x00000174a5913800 JavaThread "C1 CompilerThread0" daemon [_thread_blocked, id=13684, stack(0x00000059c7600000,0x00000059c7700000)]
  0x00000174a594a000 JavaThread "Sweeper thread" daemon [_thread_blocked, id=10408, stack(0x00000059c7700000,0x00000059c7800000)]
  0x00000174a637c000 JavaThread "Service Thread" daemon [_thread_blocked, id=9372, stack(0x00000059c7800000,0x00000059c7900000)]
  0x00000174a6397000 JavaThread "Common-Cleaner" daemon [_thread_blocked, id=6184, stack(0x00000059c7a00000,0x00000059c7b00000)]
  0x00000174a65a5800 JavaThread "Java2D Disposer" daemon [_thread_blocked, id=2476, stack(0x00000059c7b00000,0x00000059c7c00000)]
  0x00000174a65a6800 JavaThread "AWT-Shutdown" [_thread_blocked, id=20312, stack(0x00000059c7c00000,0x00000059c7d00000)]
  0x00000174a65cc000 JavaThread "AWT-Windows" daemon [_thread_in_native, id=10804, stack(0x00000059c7d00000,0x00000059c7e00000)]
  0x00000174a78f8000 JavaThread "AWT-EventQueue-0" [_thread_blocked, id=19088, stack(0x00000059c7e00000,0x00000059c7f00000)]
  0x0000017486cbc800 JavaThread "DestroyJavaVM" [_thread_blocked, id=19464, stack(0x00000059c6a00000,0x00000059c6b00000)]
  0x00000174aea30000 JavaThread "TimerQueue" daemon [_thread_blocked, id=1448, stack(0x00000059c8400000,0x00000059c8500000)]

Other Threads:
  0x00000174a58e8000 VMThread "VM Thread" [stack: 0x00000059c7000000,0x00000059c7100000] [id=18648]
  0x00000174a6382800 WatcherThread [stack: 0x00000059c7900000,0x00000059c7a00000] [id=9896]
  0x0000017486cfd000 GCTaskThread "GC Thread#0" [stack: 0x00000059c6b00000,0x00000059c6c00000] [id=17128]
  0x0000017486d0b800 ConcurrentGCThread "G1 Main Marker" [stack: 0x00000059c6c00000,0x00000059c6d00000] [id=20164]
  0x0000017486d0d800 ConcurrentGCThread "G1 Conc#0" [stack: 0x00000059c6d00000,0x00000059c6e00000] [id=17752]
  0x0000017486d9e000 ConcurrentGCThread "G1 Refine#0" [stack: 0x00000059c6e00000,0x00000059c6f00000] [id=8268]
  0x00000174a5760800 ConcurrentGCThread "G1 Young RemSet Sampling" [stack: 0x00000059c6f00000,0x00000059c7000000] [id=10996]

Threads with active compile tasks:
C2 CompilerThread0  1496       4       sun.java2d.marlin.DRenderer::_endRendering (2480 bytes)

VM state:not at safepoint (normal execution)

VM Mutex/Monitor currently owned by a thread: None

Heap address: 0x0000000082600000, size: 2010 MB, Compressed Oops mode: 32-bit
Narrow klass base: 0x0000000800000000, Narrow klass shift: 3
Compressed class space size: 1073741824 Address: 0x00000008011a0000

Heap:
 garbage-first heap   total 129024K, used 16384K [0x0000000082600000, 0x0000000100000000)
  region size 1024K, 15 young (15360K), 0 survivors (0K)
 Metaspace       used 10734K, capacity 11105K, committed 11136K, reserved 1058816K
  class space    used 1234K, capacity 1381K, committed 1408K, reserved 1048576K
Heap Regions: E=young(eden), S=young(survivor), O=old, HS=humongous(starts), HC=humongous(continues), CS=collection set, F=free, A=archive, TAMS=top-at-mark-start (previous, next)
|   0|0x0000000082600000, 0x0000000082700000, 0x0000000082700000|100%|HS|  |TAMS 0x0000000082600000, 0x0000000082600000| Complete 
|   1|0x0000000082700000, 0x0000000082800000, 0x0000000082800000|100%|HC|  |TAMS 0x0000000082700000, 0x0000000082700000| Complete 
|   2|0x0000000082800000, 0x0000000082800000, 0x0000000082900000|  0%| F|  |TAMS 0x0000000082800000, 0x0000000082800000| Untracked 
|   3|0x0000000082900000, 0x0000000082900000, 0x0000000082a00000|  0%| F|  |TAMS 0x0000000082900000, 0x0000000082900000| Untracked 
|   4|0x0000000082a00000, 0x0000000082a00000, 0x0000000082b00000|  0%| F|  |TAMS 0x0000000082a00000, 0x0000000082a00000| Untracked 
|   5|0x0000000082b00000, 0x0000000082b00000, 0x0000000082c00000|  0%| F|  |TAMS 0x0000000082b00000, 0x0000000082b00000| Untracked 
|   6|0x0000000082c00000, 0x0000000082c00000, 0x0000000082d00000|  0%| F|  |TAMS 0x0000000082c00000, 0x0000000082c00000| Untracked 
|   7|0x0000000082d00000, 0x0000000082d00000, 0x0000000082e00000|  0%| F|  |TAMS 0x0000000082d00000, 0x0000000082d00000| Untracked 
|   8|0x0000000082e00000, 0x0000000082e00000, 0x0000000082f00000|  0%| F|  |TAMS 0x0000000082e00000, 0x0000000082e00000| Untracked 
|   9|0x0000000082f00000, 0x0000000082f00000, 0x0000000083000000|  0%| F|  |TAMS 0x0000000082f00000, 0x0000000082f00000| Untracked 
|  10|0x0000000083000000, 0x0000000083000000, 0x0000000083100000|  0%| F|  |TAMS 0x0000000083000000, 0x0000000083000000| Untracked 
|  11|0x0000000083100000, 0x0000000083100000, 0x0000000083200000|  0%| F|  |TAMS 0x0000000083100000, 0x0000000083100000| Untracked 
|  12|0x0000000083200000, 0x0000000083200000, 0x0000000083300000|  0%| F|  |TAMS 0x0000000083200000, 0x0000000083200000| Untracked 
|  13|0x0000000083300000, 0x0000000083300000, 0x0000000083400000|  0%| F|  |TAMS 0x0000000083300000, 0x0000000083300000| Untracked 
|  14|0x0000000083400000, 0x0000000083400000, 0x0000000083500000|  0%| F|  |TAMS 0x0000000083400000, 0x0000000083400000| Untracked 
|  15|0x0000000083500000, 0x0000000083500000, 0x0000000083600000|  0%| F|  |TAMS 0x0000000083500000, 0x0000000083500000| Untracked 
|  16|0x0000000083600000, 0x0000000083600000, 0x0000000083700000|  0%| F|  |TAMS 0x0000000083600000, 0x0000000083600000| Untracked 
|  17|0x0000000083700000, 0x0000000083700000, 0x0000000083800000|  0%| F|  |TAMS 0x0000000083700000, 0x0000000083700000| Untracked 
|  18|0x0000000083800000, 0x0000000083800000, 0x0000000083900000|  0%| F|  |TAMS 0x0000000083800000, 0x0000000083800000| Untracked 
|  19|0x0000000083900000, 0x0000000083900000, 0x0000000083a00000|  0%| F|  |TAMS 0x0000000083900000, 0x0000000083900000| Untracked 
|  20|0x0000000083a00000, 0x0000000083a00000, 0x0000000083b00000|  0%| F|  |TAMS 0x0000000083a00000, 0x0000000083a00000| Untracked 
|  21|0x0000000083b00000, 0x0000000083b00000, 0x0000000083c00000|  0%| F|  |TAMS 0x0000000083b00000, 0x0000000083b00000| Untracked 
|  22|0x0000000083c00000, 0x0000000083c00000, 0x0000000083d00000|  0%| F|  |TAMS 0x0000000083c00000, 0x0000000083c00000| Untracked 
|  23|0x0000000083d00000, 0x0000000083d00000, 0x0000000083e00000|  0%| F|  |TAMS 0x0000000083d00000, 0x0000000083d00000| Untracked 
|  24|0x0000000083e00000, 0x0000000083e00000, 0x0000000083f00000|  0%| F|  |TAMS 0x0000000083e00000, 0x0000000083e00000| Untracked 
|  25|0x0000000083f00000, 0x0000000083f00000, 0x0000000084000000|  0%| F|  |TAMS 0x0000000083f00000, 0x0000000083f00000| Untracked 
|  26|0x0000000084000000, 0x0000000084000000, 0x0000000084100000|  0%| F|  |TAMS 0x0000000084000000, 0x0000000084000000| Untracked 
|  27|0x0000000084100000, 0x0000000084100000, 0x0000000084200000|  0%| F|  |TAMS 0x0000000084100000, 0x0000000084100000| Untracked 
|  28|0x0000000084200000, 0x0000000084200000, 0x0000000084300000|  0%| F|  |TAMS 0x0000000084200000, 0x0000000084200000| Untracked 
|  29|0x0000000084300000, 0x0000000084300000, 0x0000000084400000|  0%| F|  |TAMS 0x0000000084300000, 0x0000000084300000| Untracked 
|  30|0x0000000084400000, 0x0000000084400000, 0x0000000084500000|  0%| F|  |TAMS 0x0000000084400000, 0x0000000084400000| Untracked 
|  31|0x0000000084500000, 0x0000000084500000, 0x0000000084600000|  0%| F|  |TAMS 0x0000000084500000, 0x0000000084500000| Untracked 
|  32|0x0000000084600000, 0x0000000084600000, 0x0000000084700000|  0%| F|  |TAMS 0x0000000084600000, 0x0000000084600000| Untracked 
|  33|0x0000000084700000, 0x0000000084700000, 0x0000000084800000|  0%| F|  |TAMS 0x0000000084700000, 0x0000000084700000| Untracked 
|  34|0x0000000084800000, 0x0000000084800000, 0x0000000084900000|  0%| F|  |TAMS 0x0000000084800000, 0x0000000084800000| Untracked 
|  35|0x0000000084900000, 0x0000000084900000, 0x0000000084a00000|  0%| F|  |TAMS 0x0000000084900000, 0x0000000084900000| Untracked 
|  36|0x0000000084a00000, 0x0000000084a00000, 0x0000000084b00000|  0%| F|  |TAMS 0x0000000084a00000, 0x0000000084a00000| Untracked 
|  37|0x0000000084b00000, 0x0000000084b00000, 0x0000000084c00000|  0%| F|  |TAMS 0x0000000084b00000, 0x0000000084b00000| Untracked 
|  38|0x0000000084c00000, 0x0000000084c00000, 0x0000000084d00000|  0%| F|  |TAMS 0x0000000084c00000, 0x0000000084c00000| Untracked 
|  39|0x0000000084d00000, 0x0000000084d00000, 0x0000000084e00000|  0%| F|  |TAMS 0x0000000084d00000, 0x0000000084d00000| Untracked 
|  40|0x0000000084e00000, 0x0000000084e00000, 0x0000000084f00000|  0%| F|  |TAMS 0x0000000084e00000, 0x0000000084e00000| Untracked 
|  41|0x0000000084f00000, 0x0000000084f00000, 0x0000000085000000|  0%| F|  |TAMS 0x0000000084f00000, 0x0000000084f00000| Untracked 
|  42|0x0000000085000000, 0x0000000085000000, 0x0000000085100000|  0%| F|  |TAMS 0x0000000085000000, 0x0000000085000000| Untracked 
|  43|0x0000000085100000, 0x0000000085100000, 0x0000000085200000|  0%| F|  |TAMS 0x0000000085100000, 0x0000000085100000| Untracked 
|  44|0x0000000085200000, 0x0000000085200000, 0x0000000085300000|  0%| F|  |TAMS 0x0000000085200000, 0x0000000085200000| Untracked 
|  45|0x0000000085300000, 0x0000000085300000, 0x0000000085400000|  0%| F|  |TAMS 0x0000000085300000, 0x0000000085300000| Untracked 
|  46|0x0000000085400000, 0x0000000085400000, 0x0000000085500000|  0%| F|  |TAMS 0x0000000085400000, 0x0000000085400000| Untracked 
|  47|0x0000000085500000, 0x0000000085500000, 0x0000000085600000|  0%| F|  |TAMS 0x0000000085500000, 0x0000000085500000| Untracked 
|  48|0x0000000085600000, 0x0000000085600000, 0x0000000085700000|  0%| F|  |TAMS 0x0000000085600000, 0x0000000085600000| Untracked 
|  49|0x0000000085700000, 0x0000000085700000, 0x0000000085800000|  0%| F|  |TAMS 0x0000000085700000, 0x0000000085700000| Untracked 
|  50|0x0000000085800000, 0x0000000085800000, 0x0000000085900000|  0%| F|  |TAMS 0x0000000085800000, 0x0000000085800000| Untracked 
|  51|0x0000000085900000, 0x0000000085900000, 0x0000000085a00000|  0%| F|  |TAMS 0x0000000085900000, 0x0000000085900000| Untracked 
|  52|0x0000000085a00000, 0x0000000085a00000, 0x0000000085b00000|  0%| F|  |TAMS 0x0000000085a00000, 0x0000000085a00000| Untracked 
|  53|0x0000000085b00000, 0x0000000085b00000, 0x0000000085c00000|  0%| F|  |TAMS 0x0000000085b00000, 0x0000000085b00000| Untracked 
|  54|0x0000000085c00000, 0x0000000085c00000, 0x0000000085d00000|  0%| F|  |TAMS 0x0000000085c00000, 0x0000000085c00000| Untracked 
|  55|0x0000000085d00000, 0x0000000085d00000, 0x0000000085e00000|  0%| F|  |TAMS 0x0000000085d00000, 0x0000000085d00000| Untracked 
|  56|0x0000000085e00000, 0x0000000085e00000, 0x0000000085f00000|  0%| F|  |TAMS 0x0000000085e00000, 0x0000000085e00000| Untracked 
|  57|0x0000000085f00000, 0x0000000085f00000, 0x0000000086000000|  0%| F|  |TAMS 0x0000000085f00000, 0x0000000085f00000| Untracked 
|  58|0x0000000086000000, 0x0000000086000000, 0x0000000086100000|  0%| F|  |TAMS 0x0000000086000000, 0x0000000086000000| Untracked 
|  59|0x0000000086100000, 0x0000000086100000, 0x0000000086200000|  0%| F|  |TAMS 0x0000000086100000, 0x0000000086100000| Untracked 
|  60|0x0000000086200000, 0x0000000086200000, 0x0000000086300000|  0%| F|  |TAMS 0x0000000086200000, 0x0000000086200000| Untracked 
|  61|0x0000000086300000, 0x0000000086300000, 0x0000000086400000|  0%| F|  |TAMS 0x0000000086300000, 0x0000000086300000| Untracked 
|  62|0x0000000086400000, 0x0000000086400000, 0x0000000086500000|  0%| F|  |TAMS 0x0000000086400000, 0x0000000086400000| Untracked 
|  63|0x0000000086500000, 0x0000000086500000, 0x0000000086600000|  0%| F|  |TAMS 0x0000000086500000, 0x0000000086500000| Untracked 
|  64|0x0000000086600000, 0x0000000086600000, 0x0000000086700000|  0%| F|  |TAMS 0x0000000086600000, 0x0000000086600000| Untracked 
|  65|0x0000000086700000, 0x0000000086700000, 0x0000000086800000|  0%| F|  |TAMS 0x0000000086700000, 0x0000000086700000| Untracked 
|  66|0x0000000086800000, 0x0000000086800000, 0x0000000086900000|  0%| F|  |TAMS 0x0000000086800000, 0x0000000086800000| Untracked 
|  67|0x0000000086900000, 0x0000000086900000, 0x0000000086a00000|  0%| F|  |TAMS 0x0000000086900000, 0x0000000086900000| Untracked 
|  68|0x0000000086a00000, 0x0000000086a00000, 0x0000000086b00000|  0%| F|  |TAMS 0x0000000086a00000, 0x0000000086a00000| Untracked 
|  69|0x0000000086b00000, 0x0000000086b00000, 0x0000000086c00000|  0%| F|  |TAMS 0x0000000086b00000, 0x0000000086b00000| Untracked 
|  70|0x0000000086c00000, 0x0000000086c00000, 0x0000000086d00000|  0%| F|  |TAMS 0x0000000086c00000, 0x0000000086c00000| Untracked 
|  71|0x0000000086d00000, 0x0000000086d00000, 0x0000000086e00000|  0%| F|  |TAMS 0x0000000086d00000, 0x0000000086d00000| Untracked 
|  72|0x0000000086e00000, 0x0000000086e00000, 0x0000000086f00000|  0%| F|  |TAMS 0x0000000086e00000, 0x0000000086e00000| Untracked 
|  73|0x0000000086f00000, 0x0000000086f00000, 0x0000000087000000|  0%| F|  |TAMS 0x0000000086f00000, 0x0000000086f00000| Untracked 
|  74|0x0000000087000000, 0x0000000087000000, 0x0000000087100000|  0%| F|  |TAMS 0x0000000087000000, 0x0000000087000000| Untracked 
|  75|0x0000000087100000, 0x0000000087100000, 0x0000000087200000|  0%| F|  |TAMS 0x0000000087100000, 0x0000000087100000| Untracked 
|  76|0x0000000087200000, 0x0000000087200000, 0x0000000087300000|  0%| F|  |TAMS 0x0000000087200000, 0x0000000087200000| Untracked 
|  77|0x0000000087300000, 0x0000000087300000, 0x0000000087400000|  0%| F|  |TAMS 0x0000000087300000, 0x0000000087300000| Untracked 
|  78|0x0000000087400000, 0x0000000087400000, 0x0000000087500000|  0%| F|  |TAMS 0x0000000087400000, 0x0000000087400000| Untracked 
|  79|0x0000000087500000, 0x0000000087500000, 0x0000000087600000|  0%| F|  |TAMS 0x0000000087500000, 0x0000000087500000| Untracked 
|  80|0x0000000087600000, 0x0000000087600000, 0x0000000087700000|  0%| F|  |TAMS 0x0000000087600000, 0x0000000087600000| Untracked 
|  81|0x0000000087700000, 0x0000000087700000, 0x0000000087800000|  0%| F|  |TAMS 0x0000000087700000, 0x0000000087700000| Untracked 
|  82|0x0000000087800000, 0x0000000087800000, 0x0000000087900000|  0%| F|  |TAMS 0x0000000087800000, 0x0000000087800000| Untracked 
|  83|0x0000000087900000, 0x0000000087900000, 0x0000000087a00000|  0%| F|  |TAMS 0x0000000087900000, 0x0000000087900000| Untracked 
|  84|0x0000000087a00000, 0x0000000087a00000, 0x0000000087b00000|  0%| F|  |TAMS 0x0000000087a00000, 0x0000000087a00000| Untracked 
|  85|0x0000000087b00000, 0x0000000087b00000, 0x0000000087c00000|  0%| F|  |TAMS 0x0000000087b00000, 0x0000000087b00000| Untracked 
|  86|0x0000000087c00000, 0x0000000087c00000, 0x0000000087d00000|  0%| F|  |TAMS 0x0000000087c00000, 0x0000000087c00000| Untracked 
|  87|0x0000000087d00000, 0x0000000087d00000, 0x0000000087e00000|  0%| F|  |TAMS 0x0000000087d00000, 0x0000000087d00000| Untracked 
|  88|0x0000000087e00000, 0x0000000087e00000, 0x0000000087f00000|  0%| F|  |TAMS 0x0000000087e00000, 0x0000000087e00000| Untracked 
|  89|0x0000000087f00000, 0x0000000087f00000, 0x0000000088000000|  0%| F|  |TAMS 0x0000000087f00000, 0x0000000087f00000| Untracked 
|  90|0x0000000088000000, 0x0000000088000000, 0x0000000088100000|  0%| F|  |TAMS 0x0000000088000000, 0x0000000088000000| Untracked 
|  91|0x0000000088100000, 0x0000000088100000, 0x0000000088200000|  0%| F|  |TAMS 0x0000000088100000, 0x0000000088100000| Untracked 
|  92|0x0000000088200000, 0x0000000088200000, 0x0000000088300000|  0%| F|  |TAMS 0x0000000088200000, 0x0000000088200000| Untracked 
|  93|0x0000000088300000, 0x0000000088300000, 0x0000000088400000|  0%| F|  |TAMS 0x0000000088300000, 0x0000000088300000| Untracked 
|  94|0x0000000088400000, 0x0000000088400000, 0x0000000088500000|  0%| F|  |TAMS 0x0000000088400000, 0x0000000088400000| Untracked 
|  95|0x0000000088500000, 0x0000000088500000, 0x0000000088600000|  0%| F|  |TAMS 0x0000000088500000, 0x0000000088500000| Untracked 
|  96|0x0000000088600000, 0x0000000088600000, 0x0000000088700000|  0%| F|  |TAMS 0x0000000088600000, 0x0000000088600000| Untracked 
|  97|0x0000000088700000, 0x0000000088700000, 0x0000000088800000|  0%| F|  |TAMS 0x0000000088700000, 0x0000000088700000| Untracked 
|  98|0x0000000088800000, 0x0000000088800000, 0x0000000088900000|  0%| F|  |TAMS 0x0000000088800000, 0x0000000088800000| Untracked 
|  99|0x0000000088900000, 0x0000000088900000, 0x0000000088a00000|  0%| F|  |TAMS 0x0000000088900000, 0x0000000088900000| Untracked 
| 100|0x0000000088a00000, 0x0000000088a00000, 0x0000000088b00000|  0%| F|  |TAMS 0x0000000088a00000, 0x0000000088a00000| Untracked 
| 101|0x0000000088b00000, 0x0000000088b00000, 0x0000000088c00000|  0%| F|  |TAMS 0x0000000088b00000, 0x0000000088b00000| Untracked 
| 102|0x0000000088c00000, 0x0000000088c00000, 0x0000000088d00000|  0%| F|  |TAMS 0x0000000088c00000, 0x0000000088c00000| Untracked 
| 103|0x0000000088d00000, 0x0000000088d00000, 0x0000000088e00000|  0%| F|  |TAMS 0x0000000088d00000, 0x0000000088d00000| Untracked 
| 104|0x0000000088e00000, 0x0000000088e00000, 0x0000000088f00000|  0%| F|  |TAMS 0x0000000088e00000, 0x0000000088e00000| Untracked 
| 105|0x0000000088f00000, 0x0000000088f00000, 0x0000000089000000|  0%| F|  |TAMS 0x0000000088f00000, 0x0000000088f00000| Untracked 
| 106|0x0000000089000000, 0x0000000089000000, 0x0000000089100000|  0%| F|  |TAMS 0x0000000089000000, 0x0000000089000000| Untracked 
| 107|0x0000000089100000, 0x0000000089100000, 0x0000000089200000|  0%| F|  |TAMS 0x0000000089100000, 0x0000000089100000| Untracked 
| 108|0x0000000089200000, 0x0000000089200000, 0x0000000089300000|  0%| F|  |TAMS 0x0000000089200000, 0x0000000089200000| Untracked 
| 109|0x0000000089300000, 0x0000000089300000, 0x0000000089400000|  0%| F|  |TAMS 0x0000000089300000, 0x0000000089300000| Untracked 
| 110|0x0000000089400000, 0x0000000089400000, 0x0000000089500000|  0%| F|  |TAMS 0x0000000089400000, 0x0000000089400000| Untracked 
| 111|0x0000000089500000, 0x0000000089580180, 0x0000000089600000| 50%| E|  |TAMS 0x0000000089500000, 0x0000000089500000| Complete 
| 112|0x0000000089600000, 0x0000000089700000, 0x0000000089700000|100%| E|CS|TAMS 0x0000000089600000, 0x0000000089600000| Complete 
| 113|0x0000000089700000, 0x0000000089800000, 0x0000000089800000|100%| E|CS|TAMS 0x0000000089700000, 0x0000000089700000| Complete 
| 114|0x0000000089800000, 0x0000000089900000, 0x0000000089900000|100%| E|CS|TAMS 0x0000000089800000, 0x0000000089800000| Complete 
| 115|0x0000000089900000, 0x0000000089a00000, 0x0000000089a00000|100%| E|CS|TAMS 0x0000000089900000, 0x0000000089900000| Complete 
| 116|0x0000000089a00000, 0x0000000089b00000, 0x0000000089b00000|100%| E|CS|TAMS 0x0000000089a00000, 0x0000000089a00000| Complete 
| 117|0x0000000089b00000, 0x0000000089c00000, 0x0000000089c00000|100%| E|CS|TAMS 0x0000000089b00000, 0x0000000089b00000| Complete 
| 118|0x0000000089c00000, 0x0000000089d00000, 0x0000000089d00000|100%| E|CS|TAMS 0x0000000089c00000, 0x0000000089c00000| Complete 
| 119|0x0000000089d00000, 0x0000000089e00000, 0x0000000089e00000|100%| E|CS|TAMS 0x0000000089d00000, 0x0000000089d00000| Complete 
| 120|0x0000000089e00000, 0x0000000089f00000, 0x0000000089f00000|100%| E|CS|TAMS 0x0000000089e00000, 0x0000000089e00000| Complete 
| 121|0x0000000089f00000, 0x000000008a000000, 0x000000008a000000|100%| E|CS|TAMS 0x0000000089f00000, 0x0000000089f00000| Complete 
| 122|0x000000008a000000, 0x000000008a100000, 0x000000008a100000|100%| E|CS|TAMS 0x000000008a000000, 0x000000008a000000| Complete 
| 123|0x000000008a100000, 0x000000008a200000, 0x000000008a200000|100%| E|CS|TAMS 0x000000008a100000, 0x000000008a100000| Complete 
| 124|0x000000008a200000, 0x000000008a300000, 0x000000008a300000|100%| E|CS|TAMS 0x000000008a200000, 0x000000008a200000| Complete 
| 125|0x000000008a300000, 0x000000008a400000, 0x000000008a400000|100%| E|CS|TAMS 0x000000008a300000, 0x000000008a300000| Complete 

Card table byte_map: [0x000001749e7f0000,0x000001749ebe0000] _byte_map_base: 0x000001749e3dd000

Marking Bits (Prev, Next): (CMBitMap*) 0x0000017486cfdfe8, (CMBitMap*) 0x0000017486cfe028
 Prev Bits: [0x000001749efd0000, 0x00000174a0f38000)
 Next Bits: [0x00000174a0f40000, 0x00000174a2ea8000)

Polling page: 0x0000017484ac0000

Metaspace:

Usage:
  Non-class:      9.50 MB capacity,     9.28 MB ( 98%) used,   196.64 KB (  2%) free+waste,    27.44 KB ( <1%) overhead. 
      Class:      1.35 MB capacity,     1.21 MB ( 89%) used,   130.70 KB (  9%) free+waste,    15.81 KB (  1%) overhead. 
       Both:     10.84 MB capacity,    10.48 MB ( 97%) used,   327.34 KB (  3%) free+waste,    43.25 KB ( <1%) overhead. 

Virtual space:
  Non-class space:       10.00 MB reserved,       9.50 MB ( 95%) committed 
      Class space:        1.00 GB reserved,       1.38 MB ( <1%) committed 
             Both:        1.01 GB reserved,      10.88 MB (  1%) committed 

Chunk freelists:
   Non-Class:  512 bytes
       Class:  3.38 KB
        Both:  3.88 KB

CodeHeap 'non-profiled nmethods': size=120000Kb used=692Kb max_used=692Kb free=119307Kb
 bounds [0x0000017496ba0000, 0x0000017496e10000, 0x000001749e0d0000]
CodeHeap 'profiled nmethods': size=120000Kb used=3247Kb max_used=3247Kb free=116753Kb
 bounds [0x000001748f670000, 0x000001748f9a0000, 0x0000017496ba0000]
CodeHeap 'non-nmethods': size=5760Kb used=1241Kb max_used=1277Kb free=4518Kb
 bounds [0x000001748f0d0000, 0x000001748f340000, 0x000001748f670000]
 total_blobs=2332 nmethods=1494 adapters=522
 compilation: enabled
              stopped_count=0, restarted_count=0
 full_count=0

Compilation events (10 events):
Event: 61.510 Thread 0x00000174a5913800 nmethod 1492 0x0000017496c4d010 code [0x0000017496c4d1e0, 0x0000017496c4d2f8]
Event: 61.510 Thread 0x00000174a5913800 1493       3       sun.java2d.marlin.MarlinCache::resetTileLine (111 bytes)
Event: 61.510 Thread 0x00000174a5913800 nmethod 1493 0x000001748f99a590 code [0x000001748f99a760, 0x000001748f99aab0]
Event: 61.511 Thread 0x00000174a5913800 1494       3       sun.java2d.pipe.Region::getWidth (32 bytes)
Event: 61.511 Thread 0x00000174a590b000 1496       4       sun.java2d.marlin.DRenderer::_endRendering (2480 bytes)
Event: 61.511 Thread 0x00000174a5913800 nmethod 1494 0x000001748f99ac10 code [0x000001748f99adc0, 0x000001748f99afd8]
Event: 61.511 Thread 0x00000174a5913800 1495       3       sun.java2d.pipe.Region::getHeight (32 bytes)
Event: 61.511 Thread 0x00000174a5913800 nmethod 1495 0x000001748f99b090 code [0x000001748f99b240, 0x000001748f99b458]
Event: 61.512 Thread 0x00000174a5913800 1497       3       sun.java2d.marlin.DRenderer::endRendering (53 bytes)
Event: 61.513 Thread 0x00000174a5913800 nmethod 1497 0x000001748f99b510 code [0x000001748f99b700, 0x000001748f99bac0]

GC Heap History (0 events):
No events

Deoptimization events (10 events):
Event: 12.616 Thread 0x00000174a78f8000 Uncommon trap: reason=class_check action=maybe_recompile pc=0x0000017496bb8998 method=java.lang.String.equals(Ljava/lang/Object;)Z @ 8 c2
Event: 12.616 Thread 0x00000174a78f8000 Uncommon trap: reason=class_check action=maybe_recompile pc=0x0000017496bb8998 method=java.lang.String.equals(Ljava/lang/Object;)Z @ 8 c2
Event: 12.853 Thread 0x00000174a78f8000 Uncommon trap: reason=class_check action=maybe_recompile pc=0x0000017496bb8998 method=java.lang.String.equals(Ljava/lang/Object;)Z @ 8 c2
Event: 12.853 Thread 0x00000174a78f8000 Uncommon trap: reason=class_check action=maybe_recompile pc=0x0000017496bb8998 method=java.lang.String.equals(Ljava/lang/Object;)Z @ 8 c2
Event: 24.906 Thread 0x00000174a78f8000 Uncommon trap: reason=profile_predicate action=maybe_recompile pc=0x0000017496c15004 method=java.awt.LinearGradientPaintContext.fillRaster([IIIIIII)V @ 53 c2
Event: 24.906 Thread 0x00000174a78f8000 Uncommon trap: reason=profile_predicate action=maybe_recompile pc=0x0000017496c0c99c method=java.awt.LinearGradientPaintContext.fillRaster([IIIIIII)V @ 50 c2
Event: 24.906 Thread 0x00000174a78f8000 Uncommon trap: reason=profile_predicate action=maybe_recompile pc=0x0000017496c15004 method=java.awt.LinearGradientPaintContext.fillRaster([IIIIIII)V @ 53 c2
Event: 24.907 Thread 0x00000174a78f8000 Uncommon trap: reason=profile_predicate action=maybe_recompile pc=0x0000017496c0c99c method=java.awt.LinearGradientPaintContext.fillRaster([IIIIIII)V @ 50 c2
Event: 24.907 Thread 0x00000174a78f8000 Uncommon trap: reason=profile_predicate action=maybe_recompile pc=0x0000017496c15004 method=java.awt.LinearGradientPaintContext.fillRaster([IIIIIII)V @ 53 c2
Event: 25.433 Thread 0x00000174a78f8000 Uncommon trap: reason=unstable_if action=reinterpret pc=0x0000017496bfd27c method=sun.java2d.marlin.MarlinCache.copyAARowRLE_WithBlockFlags([I[IIII)V @ 218 c2

Classes redefined (0 events):
No events

Internal exceptions (10 events):
Event: 1.085 Thread 0x0000017486cbc800 Exception <a 'java/lang/ClassNotFoundException'{0x0000000089e28188}: com/sun/swing/internal/plaf/metal/resources/spi/metalProvider> (0x0000000089e28188) thrown at [t:/workspace/open/src/hotspot/share/classfile/systemDictionary.cpp, line 235]
Event: 1.092 Thread 0x0000017486cbc800 Exception <a 'java/lang/ClassNotFoundException'{0x0000000089e2c460}: com/sun/swing/internal/plaf/basic/resources/spi/basicProvider> (0x0000000089e2c460) thrown at [t:/workspace/open/src/hotspot/share/classfile/systemDictionary.cpp, line 235]
Event: 1.740 Thread 0x00000174a78f8000 Exception <a 'java/lang/ClassNotFoundException'{0x0000000089d152b0}: com/sun/swing/internal/plaf/synth/resources/spi/synthProvider> (0x0000000089d152b0) thrown at [t:/workspace/open/src/hotspot/share/classfile/systemDictionary.cpp, line 235]
Event: 2.005 Thread 0x00000174a78f8000 Exception <a 'java/lang/NoSuchMethodError'{0x0000000089dc1900}: java.lang.invoke.DirectMethodHandle$Holder.invokeStaticInit(Ljava/lang/Object;)V> (0x0000000089dc1900) thrown at [t:/workspace/open/src/hotspot/share/interpreter/linkResolver.cpp, line 777]
Event: 2.013 Thread 0x00000174a78f8000 Exception <a 'java/lang/NoSuchMethodError'{0x0000000089dec860}: java.lang.invoke.Invokers$Holder.linkToTargetMethod(Ljava/lang/Object;ILjava/lang/Object;)Ljava/lang/Object;> (0x0000000089dec860) thrown at [t:/workspace/open/src/hotspot/share/interpreter/l
Event: 24.906 Thread 0x00000174a78f8000 Implicit null exception at 0x0000017496c14b01 to 0x0000017496c14fcc
Event: 24.906 Thread 0x00000174a78f8000 Implicit null exception at 0x0000017496c0c454 to 0x0000017496c0c985
Event: 24.906 Thread 0x00000174a78f8000 Implicit null exception at 0x0000017496c14b01 to 0x0000017496c14fcc
Event: 24.906 Thread 0x00000174a78f8000 Implicit null exception at 0x0000017496c0c454 to 0x0000017496c0c985
Event: 24.907 Thread 0x00000174a78f8000 Implicit null exception at 0x0000017496c14b01 to 0x0000017496c14fcc

Events (10 events):
Event: 27.040 loading class java/awt/Canvas
Event: 27.061 loading class java/awt/Canvas done
Event: 27.061 loading class java/awt/Scrollbar
Event: 27.068 loading class java/awt/Scrollbar done
Event: 57.968 Executing VM operation: HandshakeAllThreads
Event: 57.968 Executing VM operation: HandshakeAllThreads done
Event: 61.511 Thread 0x00000174a78f8000 DEOPT PACKING pc=0x000001748f9843ca sp=0x00000059c7efd190
Event: 61.511 Thread 0x00000174a78f8000 DEOPT UNPACKING pc=0x000001748f0f99ce sp=0x00000059c7efc5e0 mode 0
Event: 61.511 Thread 0x00000174a78f8000 DEOPT PACKING pc=0x000001748f8e605d sp=0x00000059c7efd300
Event: 61.511 Thread 0x00000174a78f8000 DEOPT UNPACKING pc=0x000001748f0f99ce sp=0x00000059c7efc6e0 mode 0


Dynamic libraries:
0x00007ff77e2c0000 - 0x00007ff77e2cf000 	C:\Program Files\Java\jdk-12\bin\java.exe
0x00007ffe60050000 - 0x00007ffe60245000 	C:\WINDOWS\SYSTEM32\ntdll.dll
0x00007ffe5ecf0000 - 0x00007ffe5edad000 	C:\WINDOWS\System32\KERNEL32.DLL
0x00007ffe5da40000 - 0x00007ffe5dd08000 	C:\WINDOWS\System32\KERNELBASE.dll
0x00007ffe5d840000 - 0x00007ffe5d940000 	C:\WINDOWS\System32\ucrtbase.dll
0x00007ffe51b90000 - 0x00007ffe51ba8000 	C:\Program Files\Java\jdk-12\bin\jli.dll
0x00007ffe56060000 - 0x00007ffe56076000 	C:\Program Files\Java\jdk-12\bin\VCRUNTIME140.dll
0x00007ffe5e5b0000 - 0x00007ffe5e65c000 	C:\WINDOWS\System32\ADVAPI32.dll
0x00007ffe5ff70000 - 0x00007ffe6000e000 	C:\WINDOWS\System32\msvcrt.dll
0x00007ffe5e1c0000 - 0x00007ffe5e25b000 	C:\WINDOWS\System32\sechost.dll
0x00007ffe5e480000 - 0x00007ffe5e5ab000 	C:\WINDOWS\System32\RPCRT4.dll
0x00007ffe5eae0000 - 0x00007ffe5ec80000 	C:\WINDOWS\System32\USER32.dll
0x00007ffe5e080000 - 0x00007ffe5e0a2000 	C:\WINDOWS\System32\win32u.dll
0x00007ffe4ec20000 - 0x00007ffe4eeba000 	C:\WINDOWS\WinSxS\amd64_microsoft.windows.common-controls_6595b64144ccf1df_6.0.19041.844_none_ca00b6081b84eb1d\COMCTL32.dll
0x00007ffe5eab0000 - 0x00007ffe5eada000 	C:\WINDOWS\System32\GDI32.dll
0x00007ffe5df10000 - 0x00007ffe5e01b000 	C:\WINDOWS\System32\gdi32full.dll
0x00007ffe5de70000 - 0x00007ffe5df0d000 	C:\WINDOWS\System32\msvcp_win.dll
0x00007ffe57780000 - 0x00007ffe5778a000 	C:\WINDOWS\SYSTEM32\VERSION.dll
0x00007ffe5e660000 - 0x00007ffe5e690000 	C:\WINDOWS\System32\IMM32.DLL
0x00007ffde3c40000 - 0x00007ffde3cea000 	C:\Program Files\Java\jdk-12\bin\msvcp140.dll
0x00007ffe1e150000 - 0x00007ffe1ecc4000 	C:\Program Files\Java\jdk-12\bin\server\jvm.dll
0x00007ffe5ea90000 - 0x00007ffe5ea98000 	C:\WINDOWS\System32\PSAPI.DLL
0x00007ffe5a4b0000 - 0x00007ffe5a4d7000 	C:\WINDOWS\SYSTEM32\WINMM.dll
0x00007ffe58f20000 - 0x00007ffe58f29000 	C:\WINDOWS\SYSTEM32\WSOCK32.dll
0x00007ffe5ec80000 - 0x00007ffe5eceb000 	C:\WINDOWS\System32\WS2_32.dll
0x00007ffe5b6d0000 - 0x00007ffe5b6e2000 	C:\WINDOWS\SYSTEM32\kernel.appcore.dll
0x00007ffe1e100000 - 0x00007ffe1e111000 	C:\Program Files\Java\jdk-12\bin\verify.dll
0x00007ffe55e50000 - 0x00007ffe56034000 	C:\WINDOWS\SYSTEM32\DBGHELP.DLL
0x00007ffe55d90000 - 0x00007ffe55dbc000 	C:\WINDOWS\SYSTEM32\dbgcore.DLL
0x00007ffe5d790000 - 0x00007ffe5d810000 	C:\WINDOWS\System32\bcryptPrimitives.dll
0x00007ffe1e120000 - 0x00007ffe1e146000 	C:\Program Files\Java\jdk-12\bin\java.dll
0x00007ffdec940000 - 0x00007ffdec957000 	C:\Program Files\Java\jdk-12\bin\zip.dll
0x00007ffe1e0f0000 - 0x00007ffe1e0fa000 	C:\Program Files\Java\jdk-12\bin\jimage.dll
0x00007ffe5f230000 - 0x00007ffe5f972000 	C:\WINDOWS\System32\SHELL32.dll
0x00007ffe5b900000 - 0x00007ffe5c091000 	C:\WINDOWS\SYSTEM32\windows.storage.dll
0x00007ffe5fb50000 - 0x00007ffe5fea5000 	C:\WINDOWS\System32\combase.dll
0x00007ffe5d200000 - 0x00007ffe5d22c000 	C:\WINDOWS\SYSTEM32\Wldp.dll
0x00007ffe5e0b0000 - 0x00007ffe5e15e000 	C:\WINDOWS\System32\SHCORE.dll
0x00007ffe5e160000 - 0x00007ffe5e1b5000 	C:\WINDOWS\System32\shlwapi.dll
0x00007ffe5d6d0000 - 0x00007ffe5d6ef000 	C:\WINDOWS\SYSTEM32\profapi.dll
0x00007ffddc380000 - 0x00007ffddc51f000 	C:\Program Files\Java\jdk-12\bin\awt.dll
0x00007ffe5e9c0000 - 0x00007ffe5ea8d000 	C:\WINDOWS\System32\OLEAUT32.dll
0x00007ffe59c00000 - 0x00007ffe5a1c0000 	C:\WINDOWS\SYSTEM32\d2d1.dll
0x00007ffe5b040000 - 0x00007ffe5b0d0000 	C:\WINDOWS\SYSTEM32\apphelp.dll
0x00007ffe5b1f0000 - 0x00007ffe5b28e000 	C:\WINDOWS\system32\uxtheme.dll
0x00007ffe5e690000 - 0x00007ffe5e7a5000 	C:\WINDOWS\System32\MSCTF.dll
0x00007ffe52030000 - 0x00007ffe52047000 	C:\Program Files (x86)\LG Electronics\OnScreen Control\bin\ScreenSplitterHook644.dll
0x00007ffe5fa20000 - 0x00007ffe5fb4a000 	C:\WINDOWS\System32\ole32.dll
0x00007ffe5b4c0000 - 0x00007ffe5b4ef000 	C:\WINDOWS\system32\DWMAPI.DLL
0x00007ffddc300000 - 0x00007ffddc380000 	C:\Program Files\Java\jdk-12\bin\freetype.dll
0x00007ffde4000000 - 0x00007ffde406f000 	C:\Program Files\Java\jdk-12\bin\fontmanager.dll
0x00007ffe29050000 - 0x00007ffe29176000 	C:\WINDOWS\system32\opengl32.dll
0x00007ffe31f10000 - 0x00007ffe31f3c000 	C:\WINDOWS\SYSTEM32\GLU32.dll
0x00007ffe38a00000 - 0x00007ffe38bce000 	C:\WINDOWS\system32\d3d9.dll
0x00007ffde4ba0000 - 0x00007ffde4e13000 	C:\WINDOWS\System32\DriverStore\FileRepository\igdlh64.inf_amd64_0b3e3ed3ace9602a\igdumdim64.dll
0x00007ffde87b0000 - 0x00007ffdebee4000 	C:\WINDOWS\System32\DriverStore\FileRepository\igdlh64.inf_amd64_0b3e3ed3ace9602a\igd9dxva64.dll
0x00007ffe51820000 - 0x00007ffe5190c000 	C:\WINDOWS\System32\DriverStore\FileRepository\nvac.inf_amd64_33737ca52fc0a35d\nvldumdx.dll
0x00007ffe5dd10000 - 0x00007ffe5de6f000 	C:\WINDOWS\System32\crypt32.dll
0x00007ffe5e020000 - 0x00007ffe5e080000 	C:\WINDOWS\System32\WINTRUST.DLL
0x00007ffe5d380000 - 0x00007ffe5d392000 	C:\WINDOWS\SYSTEM32\MSASN1.dll
0x00007ffe5fa00000 - 0x00007ffe5fa1d000 	C:\WINDOWS\System32\imagehlp.dll
0x00007ffe5d0d0000 - 0x00007ffe5d0e8000 	C:\WINDOWS\SYSTEM32\CRYPTSP.dll
0x00007ffe5c840000 - 0x00007ffe5c874000 	C:\WINDOWS\system32\rsaenh.dll
0x00007ffe5d810000 - 0x00007ffe5d837000 	C:\WINDOWS\System32\bcrypt.dll
0x00007ffe5d0f0000 - 0x00007ffe5d0fc000 	C:\WINDOWS\SYSTEM32\CRYPTBASE.dll
0x00007ffddef00000 - 0x00007ffde0139000 	C:\WINDOWS\System32\DriverStore\FileRepository\nvac.inf_amd64_33737ca52fc0a35d\nvd3dumx.dll
0x00007ffe5d150000 - 0x00007ffe5d19b000 	C:\WINDOWS\system32\powrprof.dll
0x00007ffe5d130000 - 0x00007ffe5d142000 	C:\WINDOWS\SYSTEM32\UMPDC.dll
0x00007ffe42a50000 - 0x00007ffe42b13000 	C:\Program Files (x86)\NVIDIA Corporation\3D Vision\nvSCPAPI64.dll
0x00007ffe5edb0000 - 0x00007ffe5f219000 	C:\WINDOWS\System32\SETUPAPI.dll
0x00007ffe5d940000 - 0x00007ffe5d98e000 	C:\WINDOWS\System32\cfgmgr32.dll
0x00007ffdef140000 - 0x00007ffdef394000 	C:\WINDOWS\system32\nvspcap64.dll
0x00007ffe5c4d0000 - 0x00007ffe5c503000 	C:\WINDOWS\SYSTEM32\ntmarta.dll
0x00007ffe5c150000 - 0x00007ffe5c173000 	C:\WINDOWS\SYSTEM32\gpapi.dll
0x00007ffe556f0000 - 0x00007ffe55721000 	C:\WINDOWS\SYSTEM32\cryptnet.dll
0x00007ffe46da0000 - 0x00007ffe46ddb000 	C:\WINDOWS\SYSTEM32\dxcore.dll
0x00007ffe5e2f0000 - 0x00007ffe5e399000 	C:\WINDOWS\System32\clbcatq.dll
0x00007ffe47800000 - 0x00007ffe479b4000 	C:\WINDOWS\SYSTEM32\WindowsCodecs.dll
0x00007ffe28e60000 - 0x00007ffe28e9e000 	C:\WINDOWS\system32\dataexchange.dll
0x00007ffe59990000 - 0x00007ffe59bf4000 	C:\WINDOWS\system32\d3d11.dll
0x00007ffe59130000 - 0x00007ffe59315000 	C:\WINDOWS\system32\dcomp.dll
0x00007ffe5c1a0000 - 0x00007ffe5c293000 	C:\WINDOWS\system32\dxgi.dll
0x00007ffe4b420000 - 0x00007ffe4b621000 	C:\WINDOWS\system32\twinapi.appcore.dll
0x00007ffdebf60000 - 0x00007ffdebf79000 	C:\Program Files\Java\jdk-12\bin\net.dll
0x00007ffe58320000 - 0x00007ffe5842b000 	C:\WINDOWS\SYSTEM32\WINHTTP.dll
0x00007ffe56d90000 - 0x00007ffe56f7e000 	C:\WINDOWS\SYSTEM32\urlmon.dll
0x00007ffe50580000 - 0x00007ffe50830000 	C:\WINDOWS\SYSTEM32\iertutil.dll
0x00007ffe5cf00000 - 0x00007ffe5cf6a000 	C:\WINDOWS\system32\mswsock.dll
0x00007ffdebf40000 - 0x00007ffdebf53000 	C:\Program Files\Java\jdk-12\bin\nio.dll
0x00007ffe5cbf0000 - 0x00007ffe5cc2b000 	C:\WINDOWS\SYSTEM32\IPHLPAPI.DLL
0x00007ffe5f220000 - 0x00007ffe5f228000 	C:\WINDOWS\System32\NSI.dll
0x00007ffe56470000 - 0x00007ffe56487000 	C:\WINDOWS\SYSTEM32\dhcpcsvc6.DLL
0x00007ffe56430000 - 0x00007ffe5644d000 	C:\WINDOWS\SYSTEM32\dhcpcsvc.DLL
0x00007ffe5cc30000 - 0x00007ffe5ccfc000 	C:\WINDOWS\SYSTEM32\DNSAPI.dll
0x00007ffe56c90000 - 0x00007ffe56d89000 	C:\WINDOWS\SYSTEM32\textinputframework.dll
0x00007ffe5abb0000 - 0x00007ffe5af0e000 	C:\WINDOWS\System32\CoreUIComponents.dll
0x00007ffe5af10000 - 0x00007ffe5b002000 	C:\WINDOWS\System32\CoreMessaging.dll
0x00007ffe5a950000 - 0x00007ffe5aaa4000 	C:\WINDOWS\SYSTEM32\wintypes.dll
0x00007ffe57770000 - 0x00007ffe5777b000 	C:\WINDOWS\SYSTEM32\WINNSI.DLL

dbghelp: loaded successfully - version: 4.0.5 - missing functions: none
symbol engine: initialized successfully - sym options: 0x614 - pdb path: .;C:\Program Files\Java\jdk-12\bin;C:\WINDOWS\SYSTEM32;C:\WINDOWS\WinSxS\amd64_microsoft.windows.common-controls_6595b64144ccf1df_6.0.19041.844_none_ca00b6081b84eb1d;C:\Program Files\Java\jdk-12\bin\server;C:\Program Files (x86)\LG Electronics\OnScreen Control\bin;C:\WINDOWS\System32\DriverStore\FileRepository\igdlh64.inf_amd64_0b3e3ed3ace9602a;C:\WINDOWS\System32\DriverStore\FileRepository\nvac.inf_amd64_33737ca52fc0a35d;C:\Program Files (x86)\NVIDIA Corporation\3D Vision

VM Arguments:
java_command: com.mycompany.mobiletopc.filetransfer.MobileTOPC_Frame_1
java_class_path (initial): C:\Users\VENUGOPAL-ACER\Documents\NetBeansProjects\MobileToPC-filetransfer\target\classes
Launcher Type: SUN_STANDARD

[Global flags]
     intx CICompilerCount                          = 4                                         {product} {ergonomic}
     uint ConcGCThreads                            = 2                                         {product} {ergonomic}
     uint G1ConcRefinementThreads                  = 8                                         {product} {ergonomic}
   size_t G1HeapRegionSize                         = 1048576                                   {product} {ergonomic}
    uintx GCDrainStackTargetSize                   = 64                                        {product} {ergonomic}
   size_t InitialHeapSize                          = 132120576                                 {product} {ergonomic}
   size_t MarkStackSize                            = 4194304                                   {product} {ergonomic}
   size_t MaxHeapSize                              = 2107637760                                {product} {ergonomic}
   size_t MaxNewSize                               = 1264582656                                {product} {ergonomic}
   size_t MinHeapDeltaBytes                        = 1048576                                   {product} {ergonomic}
    uintx NonNMethodCodeHeapSize                   = 5836300                                {pd product} {ergonomic}
    uintx NonProfiledCodeHeapSize                  = 122910970                              {pd product} {ergonomic}
    uintx ProfiledCodeHeapSize                     = 122910970                              {pd product} {ergonomic}
    uintx ReservedCodeCacheSize                    = 251658240                              {pd product} {ergonomic}
     bool SegmentedCodeCache                       = true                                      {product} {ergonomic}
     bool UseCompressedClassPointers               = true                                 {lp64_product} {ergonomic}
     bool UseCompressedOops                        = true                                 {lp64_product} {ergonomic}
     bool UseG1GC                                  = true                                      {product} {ergonomic}
     bool UseLargePagesIndividualAllocation        = false                                  {pd product} {ergonomic}

Logging:
Log output configuration:
 #0: stdout all=warning uptime,level,tags
 #1: stderr all=off uptime,level,tags

Environment Variables:
JAVA_HOME=C:\Program Files\Java\jdk-12
PATH=G:\oracle_installation\product\11.2.0\dbhome_1\bin;C:\Program Files\Common Files\Oracle\Java\javapath;C:\Program Files (x86)\VMware\VMware Player\bin\;C:\Program Files (x86)\Intel\Intel(R) Management Engine Components\iCLS\;C:\Program Files\Intel\Intel(R) Management Engine Components\iCLS\;C:\Windows\system32;C:\Windows;C:\Windows\System32\Wbem;C:\Windows\System32\WindowsPowerShell\v1.0\;C:\Windows\System32\OpenSSH\;C:\Program Files (x86)\Intel\Intel(R) Management Engine Components\DAL;C:\Program Files\Intel\Intel(R) Management Engine Components\DAL;C:\Program Files (x86)\Intel\Intel(R) Management Engine Components\IPT;C:\Program Files\Intel\Intel(R) Management Engine Components\IPT;C:\Program Files (x86)\NVIDIA Corporation\PhysX\Common;C:\Program Files\Java\jdk-12\bin;C:\WINDOWS\system32;C:\WINDOWS;C:\WINDOWS\System32\Wbem;C:\WINDOWS\System32\WindowsPowerShell\v1.0\;C:\WINDOWS\System32\OpenSSH\;C:\Program Files\Git\cmd;C:\Users\VENUGOPAL-ACER\AppData\Local\Programs\Python\Python37-32\Scripts\;C:\Users\VENUGOPAL-ACER\AppData\Local\Programs\Python\Python37-32\;C:\Users\VENUGOPAL-ACER\AppData\Local\Microsoft\WindowsApps;C:\Program Files\JetBrains\PyCharm Community Edition 2019.1.1\bin;C:\Program Files\JetBrains\IntelliJ IDEA Community Edition 2019.1\bin;C:\Program Files\JetBrains\CLion 2019.2.1\bin;C:\Users\VENUGOPAL-ACER\AppData\Local\atom\bin;C:\Users\VENUGOPAL-ACER\AppData\Local\Microsoft\WindowsApps;;C:\Users\VENUGOPAL-ACER\AppData\Local\Programs\Microsoft VS Code\bin
USERNAME=VENUGOPAL-ACER
OS=Windows_NT
PROCESSOR_IDENTIFIER=Intel64 Family 6 Model 158 Stepping 10, GenuineIntel



---------------  S Y S T E M  ---------------

OS: Windows 10 , 64 bit Build 19041 (10.0.19041.928)

CPU:total 8 (initial active 8) (4 cores per cpu, 2 threads per core) family 6 model 158 stepping 10, cmov, cx8, fxsr, mmx, sse, sse2, sse3, ssse3, sse4.1, sse4.2, popcnt, avx, avx2, aes, clmul, erms, 3dnowpref, lzcnt, ht, tsc, tscinvbit, bmi1, bmi2, adx, fma

Memory: 4k page, system-wide physical 8034M (303M free)
TotalPageFile size 32610M (AvailPageFile size 9M)
current process WorkingSet (physical memory assigned to process): 90M, peak: 97M
current process commit charge ("private bytes"): 243M, peak: 250M

vm_info: Java HotSpot(TM) 64-Bit Server VM (12+33) for windows-amd64 JRE (12+33), built on Feb 21 2019 02:31:50 by "mach5one" with MS VC++ 15.5 (VS2017)

END.
